java/app/proguard-rules.pro
#-dontshrink
#-keepclasseswithmembernames class com.nvidia.devtech.*, com.wardrumstudios.utils.*

-keep class com.nvidia.devtech.* { *; }

-keep class com.wardrumstudios.utils.* { *; }

-keep class com.rockstargames.gtasa.* { *; }

-dontwarn javax.servlet.**
-dontwarn org.conscrypt.**
-dontwarn org.bouncycastle.**
-dontwarn org.openjsse.**
-dontwarn com.google.firebase.messaging.TopicOperation$TopicOperations