java/app/build/outputs/mapping/release/seeds.txt
com.level.hub.launcher.activity.UpdateActivity
com.level.hub.launcher.fragments.SettingsFragment
com.level.hub.launcher.activity.SplashActivity
com.level.hub.launcher.activity.MainActivity
com.level.hub.launcher.services.UpdateService
com.level.hub.launcher.fragments.DialogFragment
com.level.hub.launcher.fragments.HomeFragment
com.level.hub.launcher.activity.UpdateActivity$UpdateStatus: com.level.hub.launcher.activity.UpdateActivity$UpdateStatus[] values()
com.level.hub.launcher.activity.UpdateActivity$UpdateMode: com.level.hub.launcher.activity.UpdateActivity$UpdateMode[] values()
com.level.hub.launcher.activity.UpdateActivity$UpdateStatus: com.level.hub.launcher.activity.UpdateActivity$UpdateStatus valueOf(java.lang.String)
com.level.hub.launcher.activity.UpdateActivity: UpdateActivity()
com.level.hub.launcher.activity.UpdateActivity$GameStatus: com.level.hub.launcher.activity.UpdateActivity$GameStatus[] values()
com.level.hub.launcher.activity.UpdateActivity$GameStatus: com.level.hub.launcher.activity.UpdateActivity$GameStatus valueOf(java.lang.String)
com.level.hub.launcher.activity.UpdateActivity$eGPUType: com.level.hub.launcher.activity.UpdateActivity$eGPUType valueOf(java.lang.String)
com.level.hub.launcher.fragments.SettingsFragment: SettingsFragment()
com.level.hub.launcher.activity.SplashActivity: SplashActivity()
com.level.hub.launcher.activity.MainActivity: MainActivity()
com.level.hub.launcher.activity.UpdateActivity$eGPUType: com.level.hub.launcher.activity.UpdateActivity$eGPUType[] values()
com.level.hub.launcher.fragments.DialogFragment: DialogFragment()
com.level.hub.launcher.fragments.HomeFragment: HomeFragment()
com.level.hub.launcher.services.UpdateService: UpdateService()
com.level.hub.launcher.activity.UpdateActivity$UpdateMode: com.level.hub.launcher.activity.UpdateActivity$UpdateMode valueOf(java.lang.String)
...
com.wardrumstudios.utils.WarMedia: boolean DeleteFile(java.lang.String)
androidx.core.view.ViewCompat$Api26Impl: boolean isFocusedByDefault(android.view.View)
androidx.lifecycle.ProcessLifecycleOwner$attach$1: ProcessLifecycleOwner$attach$1(androidx.lifecycle.ProcessLifecycleOwner)
androidx.core.view.ViewCompat$Api21Impl: void setElevation(android.view.View,float)
com.bytedance.shadowhook.ShadowHook: java.lang.String nativeGetRecords(int)
com.google.android.material.button.MaterialButton: android.content.res.ColorStateList getIconTint()
androidx.core.view.ViewGroupCompat$Api21Impl: void setTransitionGroup(android.view.ViewGroup,boolean)
androidx.core.widget.CompoundButtonCompat$Api21Impl: android.content.res.ColorStateList getButtonTintList(android.widget.CompoundButton)
androidx.appcompat.widget.AppCompatTextView: int getAutoSizeMaxTextSize()
com.rockstargames.gtasa.Preferences: Preferences()
com.skydoves.colorpickerview.sliders.AbstractSlider: int getColor()
com.google.android.material.internal.NavigationMenuItemView: void setNeedsEmptyIcon(boolean)
androidx.core.view.WindowInsetsCompat$Impl21: WindowInsetsCompat$Impl21(androidx.core.view.WindowInsetsCompat,androidx.core.view.WindowInsetsCompat$Impl21)
com.google.android.datatransport.cct.internal.ClientInfo$ClientType: com.google.android.datatransport.cct.internal.ClientInfo$ClientType[] values()
androidx.constraintlayout.widget.ConstraintLayout: java.lang.String getSceneString()
com.google.android.material.checkbox.MaterialCheckBox: void setEnabled(boolean)
androidx.appcompat.widget.Toolbar: void setNavigationIcon(android.graphics.drawable.Drawable)
androidx.appcompat.widget.SwitchCompat: void setThumbPosition(float)
com.google.android.material.chip.Chip: void setChipIconVisible(boolean)
androidx.core.view.WindowInsetsCompat$BuilderImpl20: WindowInsetsCompat$BuilderImpl20(androidx.core.view.WindowInsetsCompat)
androidx.appcompat.widget.AppCompatAutoCompleteTextView: void setEmojiCompatEnabled(boolean)
com.nvidia.devtech.NvEventQueueActivity: boolean accelerometerEvent(float,float,float)
androidx.appcompat.widget.Toolbar: void setTitle(java.lang.CharSequence)
androidx.core.graphics.drawable.DrawableCompat$Api21Impl: void setTintMode(android.graphics.drawable.Drawable,android.graphics.PorterDuff$Mode)
androidx.appcompat.widget.AppCompatAutoCompleteTextView: void setSupportBackgroundTintMode(android.graphics.PorterDuff$Mode)
androidx.core.app.ComponentActivity: boolean superDispatchKeyEvent(android.view.KeyEvent)
androidx.activity.Api34Impl: float touchX(android.window.BackEvent)
com.nvidia.devtech.NvEventQueueActivity: void onBackPressed()
androidx.appcompat.widget.Toolbar: void setTitleTextColor(android.content.res.ColorStateList)
com.google.android.material.appbar.AppBarLayout$BaseBehavior: AppBarLayout$BaseBehavior()
com.google.android.material.textfield.TextInputLayout: android.content.res.ColorStateList getHintTextColor()
androidx.appcompat.app.AppCompatActivity: boolean onMenuOpened(int,android.view.Menu)
com.google.android.material.internal.TouchObserverFrameLayout: void setOnTouchListener(android.view.View$OnTouchListener)
androidx.appcompat.widget.AppCompatCheckedTextView: void setSupportCompoundDrawablesTintMode(android.graphics.PorterDuff$Mode)
androidx.appcompat.widget.AppCompatCheckedTextView: android.graphics.PorterDuff$Mode getSupportCompoundDrawablesTintMode()
androidx.vectordrawable.graphics.drawable.VectorDrawableCompat$VFullPath: float getTrimPathStart()
com.google.android.material.bottomappbar.BottomAppBar$Behavior: BottomAppBar$Behavior(android.content.Context,android.util.AttributeSet)
androidx.core.view.ViewCompat$Api26Impl: boolean restoreDefaultFocus(android.view.View)
androidx.core.app.NotificationCompatBuilder$Api31Impl: android.app.Notification$Action$Builder setAuthenticationRequired(android.app.Notification$Action$Builder,boolean)
com.wardrumstudios.utils.WarMedia: boolean IsPhone()