java/app/build/outputs/mapping/release/usage.txt
com.level.hub.R$anim:
    private void <init>()
com.level.hub.R$array
com.level.hub.R$attr
com.level.hub.R$color
com.level.hub.R$dimen
com.level.hub.R$drawable:
    public static int back_dialog
    public static int back_news
    public static int background
    public static int background1
    public static int background2
    public static int background_br_input
    public static int background_window_red
    public static int br_dialog_scroll_thumb
    public static int br_dialog_scroll_track
    public static int btn_dark
    public static int btn_light
    public static int btn_play
    public static int btn_settings
    public static int btn_support
    public static int btn_telegram
    public static int btn_vk
    public static int btn_youtube
    public static int button_br_red
    public static int button_br_red_unfilled
    public static int button_lit
    public static int button_lit_cancel
    public static int close
    public static int common_signin_btn_icon_dark
    public static int common_signin_btn_icon_disabled_dark
    public static int common_signin_btn_icon_disabled_focus_dark
    public static int common_signin_btn_icon_disabled_focus_light
    public static int common_signin_btn_icon_disabled_light
    public static int common_signin_btn_icon_focus_dark
    public static int common_signin_btn_icon_focus_light
    public static int common_signin_btn_icon_light
    public static int common_signin_btn_icon_normal_dark
    public static int common_signin_btn_icon_normal_light
    public static int common_signin_btn_icon_pressed_dark
com.level.hub.R$font
com.level.hub.R$id:
    public static int approveCellular
    public static int book_now
    public static int buttonRow
    public static int button_play
    public static int buyButton
    public static int buy_now
    public static int buy_with_google
    public static int cancelButton
    public static int classic
    public static int constraintLayout4
    public static int divider
    public static int downloaderDashboard
    public static int frameLayout
    public static int frameLayout2
    public static int grayscale
    public static int holo_dark
    public static int holo_light
    public static int hybrid
    public static int imageView
    public static int imageView1
    public static int main_layout
    public static int main_splash_layout
    public static int match_parent
    public static int messages_count
    public static int messages_seekbar
    public static int monochrome
    public static int msg_divider
    public static int msg_text2
    public static int msg_text3
    public static int msg_text4
    public static int msg_type
    public static int msg_type2
    public static int msg_type3
    public static int msg_type4
    public static int msg_type_rect
    public static int none
    public static int normal
    public static int pauseButton
    public static int production
    public static int progressAsFraction
    public static int progressAsPercentage
    public static int progressAverageSpeed
    public static int progressBar1
com.level.hub.R$integer
com.level.hub.R$layout:
    public static int chat
    public static int download
    public static int gtasa_splash
    public static int hud
    public static int loadingscreen
    public static int news_item
    public static int window_dialog
    private void <init>()
com.level.hub.R$mipmap
com.level.hub.R$string
com.level.hub.R$style
com.level.hub.R$styleable
com.level.hub.R$xml
com.level.hub.R
com.level.hub.launcher.activity.SampQuery$InternalZipConstants
com.level.hub.launcher.activity.SampQuery
com.level.hub.launcher.activity.SplashActivity:
    private static final int MAX_RETRIES
    private static final int RETRY_DELAY_MS
com.level.hub.launcher.adapters.NewsAdapter:
    public void <init>()
    public static boolean isLoaded()
com.level.hub.launcher.config.Config:
    public void <init>()
...
com.google.android.gms.common.internal.ClientIdentity
com.google.android.gms.common.internal.ClientSettings:
    public void <init>(android.accounts.Account,java.util.Set,java.util.Map,int,android.view.View,java.lang.String,java.lang.String,com.google.android.gms.signin.SignInOptions)
    public static com.google.android.gms.common.internal.ClientSettings createDefault(android.content.Context)
    public java.lang.String getAccountName()
    public java.util.Set getApplicableScopes(com.google.android.gms.common.api.Api)
    public int getGravityForPopups()
    public android.view.View getViewForPopups()
    public final java.util.Map zad()
com.google.android.gms.common.internal.Constants
com.google.android.gms.common.internal.DowngradeableSafeParcel
com.google.android.gms.common.internal.FallbackServiceBroker
com.google.android.gms.common.internal.GetServiceRequest:
    public android.os.Bundle getExtraArgs()
com.google.android.gms.common.internal.GmsClient:
    protected void <init>(android.content.Context,android.os.Handler,int,com.google.android.gms.common.internal.ClientSettings)
    protected void <init>(android.content.Context,android.os.Looper,int,com.google.android.gms.common.internal.ClientSettings)
    protected final com.google.android.gms.common.internal.ClientSettings getClientSettings()
    public com.google.android.gms.common.Feature[] getRequiredFeatures()
com.google.android.gms.common.internal.GmsClientSupervisor:
    public boolean bindService(android.content.ComponentName,android.content.ServiceConnection,java.lang.String)
    public boolean bindService(java.lang.String,android.content.ServiceConnection,java.lang.String)
    public static void setUseHandlerThreadForCallbacks()
    public void unbindService(android.content.ComponentName,android.content.ServiceConnection,java.lang.String)
    public void unbindService(java.lang.String,android.content.ServiceConnection,java.lang.String)
com.google.android.gms.common.internal.GmsLogger
com.google.android.gms.common.internal.HideFirstParty
com.google.android.gms.common.internal.IAccountAccessor$Stub:
    public void <init>()
    protected final boolean zza(int,android.os.Parcel,android.os.Parcel,int)
com.google.android.gms.common.internal.ICancelToken$Stub
com.google.android.gms.common.internal.ICancelToken
com.google.android.gms.common.internal.IGmsServiceBroker$Stub
com.google.android.gms.common.internal.ImagesContract
com.google.android.gms.common.internal.LibraryVersion
com.google.android.gms.common.internal.MethodInvocation:
    public void <init>(int,int,int,long,long,java.lang.String,java.lang.String,int)
com.google.android.gms.common.internal.Objects:
    private void <init>()
    public static boolean checkBundlesEquality(android.os.Bundle,android.os.Bundle)
com.google.android.gms.common.internal.PendingResultUtil$ResultConverter
com.google.android.gms.common.internal.PendingResultUtil
com.google.android.gms.common.internal.Preconditions:
    private void <init>()
    public static varargs void checkArgument(boolean,java.lang.String,java.lang.Object[])
    public static void checkHandlerThread(android.os.Handler,java.lang.String)
    public static int checkNotZero(int,java.lang.Object)
    public static long checkNotZero(long)
    public static long checkNotZero(long,java.lang.Object)
    public static varargs void checkState(boolean,java.lang.String,java.lang.Object[])
com.google.android.gms.common.internal.ResourceUtils
com.google.android.gms.common.internal.ServiceSpecificExtraArgs$CastExtraArgs
com.google.android.gms.common.internal.ServiceSpecificExtraArgs$GamesExtraArgs
com.google.android.gms.common.internal.ServiceSpecificExtraArgs$PlusExtraArgs
com.google.android.gms.common.internal.ServiceSpecificExtraArgs
com.google.android.gms.common.internal.ShowFirstParty
com.google.android.gms.common.internal.TelemetryLogging:
    private void <init>()